<?xml version="1.0" encoding="UTF-8" ?>
<testsuite tests="10" failures="0" name="step_definitions.RunCukesTest" time="0.165" errors="2" skipped="5">
  <properties>
[...]
</properties>
  <testcase classname="Scenario: Add two products to the shopping basket" name="When I open zalando website" time="0.002"/>
  <testcase classname="Scenario: Add two products to the shopping basket" name="And I search shoes for men by navigation" time="0.001"/>
  <testcase classname="Scenario: Add two products to the shopping basket" name="And I select a product in the list" time="0"/>
  <testcase classname="Scenario: Add two products to the shopping basket" name="And I add this product to the shopping basket" time="0.021">
    <error message="unknown error: Element &lt;button class=&quot;z-rich-button z-rich-button--primary&quot;&gt;...&lt;/button&gt; is not clickable at point (820, 604). Other element would receive the click: &lt;div class=&quot;zvui-size-select-dropdown-option is-focused is-disabled-clickable zvui-size-picker-option&quot; role=&quot;option&quot; id=&quot;zvui-size-select-dropdown-49312-option-0&quot;&gt;...&lt;/div&gt;
  (Session info: chrome=61.0.3163.100)
  (Driver info: chromedriver=2.33.506106 (8a06c39c4582fbfbab6966dbb1c38a9173bfb1a2),platform=Mac OS X 10.12.6 x86_64) (WARNING: The server did not provide any stacktrace information)
Command duration or timeout: 40 milliseconds
Build info: version: &apos;2.44.0&apos;, revision: &apos;76d78cf323ce037c5f92db6c1bba601c2ac43ad8&apos;, time: &apos;2014-10-23 13:11:40&apos;
System info: host: &apos;iMac-de-Emilie.home&apos;, ip: &apos;192.168.1.85&apos;, os.name: &apos;Mac OS X&apos;, os.arch: &apos;x86_64&apos;, os.version: &apos;10.12.6&apos;, java.version: &apos;9&apos;
Driver info: org.openqa.selenium.chrome.ChromeDriver
Capabilities [{applicationCacheEnabled=false, rotatable=false, mobileEmulationEnabled=false, networkConnectionEnabled=false, chrome={chromedriverVersion=2.33.506106 (8a06c39c4582fbfbab6966dbb1c38a9173bfb1a2), userDataDir=/var/folders/0y/djnk0gld2cj3tzqj9nvmf7z00000gp/T/.org.chromium.Chromium.jirpUJ}, takesHeapSnapshot=true, pageLoadStrategy=normal, databaseEnabled=false, handlesAlerts=true, hasTouchScreen=false, version=61.0.3163.100, platform=MAC, browserConnectionEnabled=false, nativeEvents=true, acceptSslCerts=true, locationContextEnabled=true, webStorageEnabled=true, browserName=chrome, takesScreenshot=true, javascriptEnabled=true, cssSelectorsEnabled=true, setWindowRect=true, unexpectedAlertBehaviour=}]
Session ID: 35704b4a909380b9923ce2b145598ebf" type="org.openqa.selenium.WebDriverException">org.openqa.selenium.WebDriverException: unknown error: Element &lt;button class=&quot;z-rich-button z-rich-button--primary&quot;&gt;...&lt;/button&gt; is not clickable at point (820, 604). Other element would receive the click: &lt;div class=&quot;zvui-size-select-dropdown-option is-focused is-disabled-clickable zvui-size-picker-option&quot; role=&quot;option&quot; id=&quot;zvui-size-select-dropdown-49312-option-0&quot;&gt;...&lt;/div&gt;
  (Session info: chrome=61.0.3163.100)
  (Driver info: chromedriver=2.33.506106 (8a06c39c4582fbfbab6966dbb1c38a9173bfb1a2),platform=Mac OS X 10.12.6 x86_64) (WARNING: The server did not provide any stacktrace information)
Command duration or timeout: 40 milliseconds
Build info: version: &apos;2.44.0&apos;, revision: &apos;76d78cf323ce037c5f92db6c1bba601c2ac43ad8&apos;, time: &apos;2014-10-23 13:11:40&apos;
System info: host: &apos;iMac-de-Emilie.home&apos;, ip: &apos;192.168.1.85&apos;, os.name: &apos;Mac OS X&apos;, os.arch: &apos;x86_64&apos;, os.version: &apos;10.12.6&apos;, java.version: &apos;9&apos;
Driver info: org.openqa.selenium.chrome.ChromeDriver
Capabilities [{applicationCacheEnabled=false, rotatable=false, mobileEmulationEnabled=false, networkConnectionEnabled=false, chrome={chromedriverVersion=2.33.506106 (8a06c39c4582fbfbab6966dbb1c38a9173bfb1a2), userDataDir=/var/folders/0y/djnk0gld2cj3tzqj9nvmf7z00000gp/T/.org.chromium.Chromium.jirpUJ}, takesHeapSnapshot=true, pageLoadStrategy=normal, databaseEnabled=false, handlesAlerts=true, hasTouchScreen=false, version=61.0.3163.100, platform=MAC, browserConnectionEnabled=false, nativeEvents=true, acceptSslCerts=true, locationContextEnabled=true, webStorageEnabled=true, browserName=chrome, takesScreenshot=true, javascriptEnabled=true, cssSelectorsEnabled=true, setWindowRect=true, unexpectedAlertBehaviour=}]
Session ID: 35704b4a909380b9923ce2b145598ebf
	at java.base/jdk.internal.reflect.NativeConstructorAccessorImpl.newInstance0(Native Method)
	at java.base/jdk.internal.reflect.NativeConstructorAccessorImpl.newInstance(NativeConstructorAccessorImpl.java:62)
	at java.base/jdk.internal.reflect.DelegatingConstructorAccessorImpl.newInstance(DelegatingConstructorAccessorImpl.java:45)
	at java.base/java.lang.reflect.Constructor.newInstance(Constructor.java:488)
	at org.openqa.selenium.remote.ErrorHandler.createThrowable(ErrorHandler.java:204)
	at org.openqa.selenium.remote.ErrorHandler.throwIfResponseFailed(ErrorHandler.java:156)
	at org.openqa.selenium.remote.RemoteWebDriver.execute(RemoteWebDriver.java:599)
	at org.openqa.selenium.remote.RemoteWebElement.execute(RemoteWebElement.java:268)
	at org.openqa.selenium.remote.RemoteWebElement.click(RemoteWebElement.java:79)
	at java.base/jdk.internal.reflect.NativeMethodAccessorImpl.invoke0(Native Method)
	at java.base/jdk.internal.reflect.NativeMethodAccessorImpl.invoke(NativeMethodAccessorImpl.java:62)
	at java.base/jdk.internal.reflect.DelegatingMethodAccessorImpl.invoke(DelegatingMethodAccessorImpl.java:43)
	at java.base/java.lang.reflect.Method.invoke(Method.java:564)
	at org.openqa.selenium.support.pagefactory.internal.LocatingElementHandler.invoke(LocatingElementHandler.java:50)
	at com.sun.proxy.$Proxy19.click(Unknown Source)
	at modules.AddProductToShoppingBacket.Execute(AddProductToShoppingBacket.java:28)
	at step_definitions.ProductSelectionSteps.i_add_this_product_to_the_shopping_basket(ProductSelectionSteps.java:65)
	at ✽.And I add this product to the shopping basket(features/ShoppingBasket.feature:7)
</error>
  </testcase>
  <testcase classname="Scenario: Add two products to the shopping basket" name="Scenario: Add two products to the shopping basket" time="0.022">
    <error message="unknown error: Element &lt;button class=&quot;z-rich-button z-rich-button--primary&quot;&gt;...&lt;/button&gt; is not clickable at point (820, 604). Other element would receive the click: &lt;div class=&quot;zvui-size-select-dropdown-option is-focused is-disabled-clickable zvui-size-picker-option&quot; role=&quot;option&quot; id=&quot;zvui-size-select-dropdown-49312-option-0&quot;&gt;...&lt;/div&gt;
  (Session info: chrome=61.0.3163.100)
  (Driver info: chromedriver=2.33.506106 (8a06c39c4582fbfbab6966dbb1c38a9173bfb1a2),platform=Mac OS X 10.12.6 x86_64) (WARNING: The server did not provide any stacktrace information)
Command duration or timeout: 40 milliseconds
Build info: version: &apos;2.44.0&apos;, revision: &apos;76d78cf323ce037c5f92db6c1bba601c2ac43ad8&apos;, time: &apos;2014-10-23 13:11:40&apos;
System info: host: &apos;iMac-de-Emilie.home&apos;, ip: &apos;192.168.1.85&apos;, os.name: &apos;Mac OS X&apos;, os.arch: &apos;x86_64&apos;, os.version: &apos;10.12.6&apos;, java.version: &apos;9&apos;
Driver info: org.openqa.selenium.chrome.ChromeDriver
Capabilities [{applicationCacheEnabled=false, rotatable=false, mobileEmulationEnabled=false, networkConnectionEnabled=false, chrome={chromedriverVersion=2.33.506106 (8a06c39c4582fbfbab6966dbb1c38a9173bfb1a2), userDataDir=/var/folders/0y/djnk0gld2cj3tzqj9nvmf7z00000gp/T/.org.chromium.Chromium.jirpUJ}, takesHeapSnapshot=true, pageLoadStrategy=normal, databaseEnabled=false, handlesAlerts=true, hasTouchScreen=false, version=61.0.3163.100, platform=MAC, browserConnectionEnabled=false, nativeEvents=true, acceptSslCerts=true, locationContextEnabled=true, webStorageEnabled=true, browserName=chrome, takesScreenshot=true, javascriptEnabled=true, cssSelectorsEnabled=true, setWindowRect=true, unexpectedAlertBehaviour=}]
Session ID: 35704b4a909380b9923ce2b145598ebf" type="org.openqa.selenium.WebDriverException">org.openqa.selenium.WebDriverException: unknown error: Element &lt;button class=&quot;z-rich-button z-rich-button--primary&quot;&gt;...&lt;/button&gt; is not clickable at point (820, 604). Other element would receive the click: &lt;div class=&quot;zvui-size-select-dropdown-option is-focused is-disabled-clickable zvui-size-picker-option&quot; role=&quot;option&quot; id=&quot;zvui-size-select-dropdown-49312-option-0&quot;&gt;...&lt;/div&gt;
  (Session info: chrome=61.0.3163.100)
  (Driver info: chromedriver=2.33.506106 (8a06c39c4582fbfbab6966dbb1c38a9173bfb1a2),platform=Mac OS X 10.12.6 x86_64) (WARNING: The server did not provide any stacktrace information)
Command duration or timeout: 40 milliseconds
Build info: version: &apos;2.44.0&apos;, revision: &apos;76d78cf323ce037c5f92db6c1bba601c2ac43ad8&apos;, time: &apos;2014-10-23 13:11:40&apos;
System info: host: &apos;iMac-de-Emilie.home&apos;, ip: &apos;192.168.1.85&apos;, os.name: &apos;Mac OS X&apos;, os.arch: &apos;x86_64&apos;, os.version: &apos;10.12.6&apos;, java.version: &apos;9&apos;
Driver info: org.openqa.selenium.chrome.ChromeDriver
Capabilities [{applicationCacheEnabled=false, rotatable=false, mobileEmulationEnabled=false, networkConnectionEnabled=false, chrome={chromedriverVersion=2.33.506106 (8a06c39c4582fbfbab6966dbb1c38a9173bfb1a2), userDataDir=/var/folders/0y/djnk0gld2cj3tzqj9nvmf7z00000gp/T/.org.chromium.Chromium.jirpUJ}, takesHeapSnapshot=true, pageLoadStrategy=normal, databaseEnabled=false, handlesAlerts=true, hasTouchScreen=false, version=61.0.3163.100, platform=MAC, browserConnectionEnabled=false, nativeEvents=true, acceptSslCerts=true, locationContextEnabled=true, webStorageEnabled=true, browserName=chrome, takesScreenshot=true, javascriptEnabled=true, cssSelectorsEnabled=true, setWindowRect=true, unexpectedAlertBehaviour=}]
Session ID: 35704b4a909380b9923ce2b145598ebf
	at java.base/jdk.internal.reflect.NativeConstructorAccessorImpl.newInstance0(Native Method)
	at java.base/jdk.internal.reflect.NativeConstructorAccessorImpl.newInstance(NativeConstructorAccessorImpl.java:62)
	at java.base/jdk.internal.reflect.DelegatingConstructorAccessorImpl.newInstance(DelegatingConstructorAccessorImpl.java:45)
	at java.base/java.lang.reflect.Constructor.newInstance(Constructor.java:488)
	at org.openqa.selenium.remote.ErrorHandler.createThrowable(ErrorHandler.java:204)
	at org.openqa.selenium.remote.ErrorHandler.throwIfResponseFailed(ErrorHandler.java:156)
	at org.openqa.selenium.remote.RemoteWebDriver.execute(RemoteWebDriver.java:599)
	at org.openqa.selenium.remote.RemoteWebElement.execute(RemoteWebElement.java:268)
	at org.openqa.selenium.remote.RemoteWebElement.click(RemoteWebElement.java:79)
	at java.base/jdk.internal.reflect.NativeMethodAccessorImpl.invoke0(Native Method)
	at java.base/jdk.internal.reflect.NativeMethodAccessorImpl.invoke(NativeMethodAccessorImpl.java:62)
	at java.base/jdk.internal.reflect.DelegatingMethodAccessorImpl.invoke(DelegatingMethodAccessorImpl.java:43)
	at java.base/java.lang.reflect.Method.invoke(Method.java:564)
	at org.openqa.selenium.support.pagefactory.internal.LocatingElementHandler.invoke(LocatingElementHandler.java:50)
	at com.sun.proxy.$Proxy19.click(Unknown Source)
	at modules.AddProductToShoppingBacket.Execute(AddProductToShoppingBacket.java:28)
	at step_definitions.ProductSelectionSteps.i_add_this_product_to_the_shopping_basket(ProductSelectionSteps.java:65)
	at ✽.And I add this product to the shopping basket(features/ShoppingBasket.feature:7)
</error>
  </testcase>
  <testcase classname="Scenario: Add two products to the shopping basket" name="Then I search for a dress by research" time="0.022">
    <skipped/>
  </testcase>
  <testcase classname="Scenario: Add two products to the shopping basket" name="And I select a product in the list" time="0.023">
    <skipped/>
  </testcase>
  <testcase classname="Scenario: Add two products to the shopping basket" name="And I add this product to the shopping basket" time="0.024">
    <skipped/>
  </testcase>
  <testcase classname="Scenario: Add two products to the shopping basket" name="Then I go in my shopping basket" time="0.024">
    <skipped/>
  </testcase>
  <testcase classname="Scenario: Add two products to the shopping basket" name="And I check that I have 2 products in my shopping basket" time="0.026">
    <skipped/>
  </testcase>
</testsuite>